03: 50: 48 root INFO Пользователь ввёл значение 7 как конец диапазона возможных значений
03: 50: 51 root INFO Пользователь ввёд число 3 как количество попыток
03: 50: 51 root INFO Загадано число 4
03: 50: 56 root INFO Пользователь ввёл число 2 как вариант отгадки
03: 50: 56 root INFO Пользователь не отгадал число
03: 50: 56 root INFO Пользователь использовал 1 из 3 попыток
03: 50: 57 root INFO Пользователь ввёл число 3 как вариант отгадки
03: 50: 57 root INFO Пользователь не отгадал число
03: 50: 57 root INFO Пользователь использовал 2 из 3 попыток
03: 50: 58 root INFO Пользователь ввёл число 1 как вариант отгадки
03: 50: 58 root INFO Пользователь не отгадал число
03: 50: 58 root INFO Пользователь использовал 3 из 3 попыток
03: 51: 11 root INFO Пользователь ввёл значение 7 как конец диапазона возможных значений
03: 51: 12 root INFO Пользователь ввёд число 3 как количество попыток
03: 51: 12 root INFO Загадано число 2
03: 51: 14 root INFO Пользователь ввёл число 1 как вариант отгадки
03: 51: 14 root INFO Пользователь не отгадал число
03: 51: 14 root INFO Пользователь использовал 1 из 3 попыток
03: 51: 15 root INFO Пользователь ввёл число 7 как вариант отгадки
03: 51: 15 root INFO Пользователь не отгадал число
03: 51: 15 root INFO Пользователь использовал 2 из 3 попыток
03: 51: 17 root INFO Пользователь ввёл число 4 как вариант отгадки
03: 51: 17 root INFO Пользователь не отгадал число
03: 51: 17 root INFO Пользователь использовал 3 из 3 попыток
03: 51: 26 root INFO Пользователь ввёл значение 7 как конец диапазона возможных значений
03: 51: 28 root INFO Пользователь ввёд число 3 как количество попыток
03: 51: 28 root INFO Загадано число 5
03: 51: 34 root INFO Пользователь ввёл число 3 как вариант отгадки
03: 51: 34 root INFO Пользователь не отгадал число
03: 51: 34 root INFO Пользователь использовал 1 из 3 попыток
03: 51: 36 root INFO Пользователь ввёл число 5 как вариант отгадки
03: 51: 36 root INFO Пользователь отгадал число
03: 53: 08 root INFO Пользователь ввёл значение 10 как конец диапазона возможных значений
03: 53: 09 root INFO Пользователь ввёд число 5 как количество попыток
03: 53: 09 root INFO Загадано число 7
03: 53: 14 root INFO Пользователь ввёл число 2 как вариант отгадки
03: 53: 14 root INFO Пользователь не отгадал число
03: 53: 14 root INFO Пользователь использовал 1 из 5 попыток
03: 53: 16 root INFO Пользователь ввёл число 4 как вариант отгадки
03: 53: 16 root INFO Пользователь не отгадал число
03: 53: 16 root INFO Пользователь использовал 2 из 5 попыток
03: 53: 17 root INFO Пользователь ввёл число 6 как вариант отгадки
03: 53: 17 root INFO Пользователь не отгадал число
03: 53: 17 root INFO Пользователь использовал 3 из 5 попыток
03: 53: 20 root INFO Пользователь ввёл число 8 как вариант отгадки
03: 53: 20 root INFO Пользователь не отгадал число
03: 53: 20 root INFO Пользователь использовал 4 из 5 попыток
03: 53: 22 root INFO Пользователь ввёл число 7 как вариант отгадки
03: 53: 22 root INFO Пользователь отгадал число
